#
# There is insufficient memory for the Java Runtime Environment to continue.
# Native memory allocation (mmap) failed to map 266338304 bytes. Error detail: G1 virtual space
# Possible reasons:
#   The system is out of physical RAM or swap space
#   This process is running with CompressedOops enabled, and the Java Heap may be blocking the growth of the native heap
# Possible solutions:
#   Reduce memory load on the system
#   Increase physical memory or swap space
#   Check if swap backing store is full
#   Decrease Java heap size (-Xmx/-Xms)
#   Decrease number of Java threads
#   Decrease Java thread stack sizes (-Xss)
#   Set larger code cache with -XX:ReservedCodeCacheSize=
#   JVM is running with Zero Based Compressed Oops mode in which the Java heap is
#     placed in the first 32GB address space. The Java Heap base address is the
#     maximum limit for the native heap growth. Please use -XX:HeapBaseMinAddress
#     to set the Java Heap base and to place the Java Heap above 32GB virtual address.
# This output file may be truncated or incomplete.
#
#  Out of Memory Error (os_windows.cpp:3564), pid=16036, tid=15236
#
# JRE version:  (24.0.2+12) (build )
# Java VM: OpenJDK 64-Bit Server VM (24.0.2+12, mixed mode, sharing, tiered, compressed oops, compressed class ptrs, g1 gc, windows-amd64)
# No core dump will be written. Minidumps are not enabled by default on client versions of Windows
#

---------------  S U M M A R Y ------------

Command Line: -Dfile.encoding=UTF-8 --module-path=E:\JAVAPROJECT02\bank management system\build\classes bank.management.system.Deposit

Host: 12th Gen Intel(R) Core(TM) i5-12450HX, 12 cores, 15G,  Windows 11 , 64 bit Build 26100 (10.0.26100.6690)
Time: Wed Oct  1 13:36:59 2025 India Standard Time elapsed time: 0.010668 seconds (0d 0h 0m 0s)

---------------  T H R E A D  ---------------

Current thread (0x000002668a5fcf70):  JavaThread "Unknown thread" [_thread_in_vm, id=15236, stack(0x000000eae5d00000,0x000000eae5e00000) (1024K)]

Stack: [0x000000eae5d00000,0x000000eae5e00000]
Native frames: (J=compiled Java code, j=interpreted, Vv=VM code, C=native code)
V  [jvm.dll+0x741329]  (no source info available)
V  [jvm.dll+0x97e243]  (no source info available)
V  [jvm.dll+0x98056d]  (no source info available)
V  [jvm.dll+0x980be3]  (no source info available)
V  [jvm.dll+0x2b5a76]  (no source info available)
V  [jvm.dll+0x73d795]  (no source info available)
V  [jvm.dll+0x730f4a]  (no source info available)
V  [jvm.dll+0x39ea2a]  (no source info available)
V  [jvm.dll+0x3a67a6]  (no source info available)
V  [jvm.dll+0x392fbe]  (no source info available)
V  [jvm.dll+0x393278]  (no source info available)
V  [jvm.dll+0x36a09c]  (no source info available)
V  [jvm.dll+0x36ad5d]  (no source info available)
V  [jvm.dll+0x9409ef]  (no source info available)
V  [jvm.dll+0x40786d]  (no source info available)
V  [jvm.dll+0x928e6e]  (no source info available)
V  [jvm.dll+0x4a2d0e]  (no source info available)
V  [jvm.dll+0x4a4c41]  (no source info available)
C  [jli.dll+0x52a1]  (no source info available)
C  [ucrtbase.dll+0x37b0]  (no source info available)
C  [KERNEL32.DLL+0x2e8d7]  (no source info available)
C  [ntdll.dll+0x8c53c]  (no source info available)

Lock stack of current Java thread (top to bottom):


---------------  P R O C E S S  ---------------

Threads class SMR info:
_java_thread_list=0x00007ff9ab11bf58, length=0, elements={
}

Java Threads: ( => current thread )
Total: 0

Other Threads:
  0x000002668caafe30 WorkerThread "GC Thread#0"                     [id=25100, stack(0x000000eae5e00000,0x000000eae5f00000) (1024K)]
  0x000002668cac5910 ConcurrentGCThread "G1 Main Marker"            [id=19336, stack(0x000000eae5f00000,0x000000eae6000000) (1024K)]
  0x000002668cac6420 WorkerThread "G1 Conc#0"                       [id=23844, stack(0x000000eae6000000,0x000000eae6100000) (1024K)]

[error occurred during error reporting (printing all threads), id 0xc0000005, EXCEPTION_ACCESS_VIOLATION (0xc0000005) at pc=0x00007ff9aa78ef9a]
VM state: not at safepoint (not fully initialized)

VM Mutex/Monitor currently owned by a thread:  ([mutex/lock_event])
[0x00007ff9ab1a5148] Heap_lock - owner thread: 0x000002668a5fcf70

Heap address: 0x0000000703800000, size: 4040 MB, Compressed Oops mode: Zero based, Oop shift amount: 3

CDS archive(s) mapped at: [0x0000000000000000-0x0000000000000000-0x0000000000000000), size 0, SharedBaseAddress: 0x0000000800000000, ArchiveRelocationMode: 1.
UseCompressedClassPointers 1, UseCompactObjectHeaders 0
Narrow klass pointer bits 32, Max shift 3
Narrow klass base: 0xffffffffffffffff, Narrow klass shift: -1
Encoding Range: [0xffffffffffffffff - 0x000000007fffffff), (2147483648 bytes)
Klass Range:    [0x0000000000000000 - 0x0000000000000000), (0 bytes)
Klass ID Range:  [4294967295 - 0) (1)

GC Precious Log:
 CardTable entry size: 512
 Card Set container configuration: InlinePtr #cards 4 size 8 Array Of Cards #cards 16 size 48 Howl #buckets 8 coarsen threshold 3686 Howl Bitmap #cards 512 size 80 coarsen threshold 460 Card regions per heap region 1 cards per card region 4096

Heap:
 garbage-first heap   total reserved 4136960K, committed 0K, used 0K [0x0000000703800000, 0x0000000800000000)
  region size 2048K, 0 young (0K), 0 survivors (0K)

[error occurred during error reporting (printing heap information), id 0xc0000005, EXCEPTION_ACCESS_VIOLATION (0xc0000005) at pc=0x00007ff9aabafcd9]
GC Heap History (0 events):
No events

Dll operation events (1 events):
Event: 0.008 Loaded shared library C:\Program Files\Apache NetBeans\jdk\bin\java.dll

Deoptimization events (0 events):
No events

Classes loaded (0 events):
No events

Classes unloaded (0 events):
No events

Classes redefined (0 events):
No events

Internal exceptions (0 events):
No events

VM Operations (0 events):
No events

Memory protections (0 events):
No events

Nmethod flushes (0 events):
No events

Events (0 events):
No events


Dynamic libraries:
0x00007ff760a80000 - 0x00007ff760a8e000 	C:\Program Files\Apache NetBeans\jdk\bin\java.exe
0x00007ffa69900000 - 0x00007ffa69b68000 	C:\WINDOWS\SYSTEM32\ntdll.dll
0x00007ffa68660000 - 0x00007ffa68729000 	C:\WINDOWS\System32\KERNEL32.DLL
0x00007ffa67090000 - 0x00007ffa67482000 	C:\WINDOWS\System32\KERNELBASE.dll
0x00007ffa66d30000 - 0x00007ffa66e7b000 	C:\WINDOWS\System32\ucrtbase.dll
0x00007ffa3a4b0000 - 0x00007ffa3a4ce000 	C:\Program Files\Apache NetBeans\jdk\bin\VCRUNTIME140.dll
0x00007ffa3a180000 - 0x00007ffa3a196000 	C:\Program Files\Apache NetBeans\jdk\bin\jli.dll
0x00007ffa67910000 - 0x00007ffa67ad5000 	C:\WINDOWS\System32\USER32.dll
0x00007ffa66fc0000 - 0x00007ffa66fe7000 	C:\WINDOWS\System32\win32u.dll
0x00007ffa68a50000 - 0x00007ffa68a7b000 	C:\WINDOWS\System32\GDI32.dll
0x00007ffa4b790000 - 0x00007ffa4ba23000 	C:\WINDOWS\WinSxS\amd64_microsoft.windows.common-controls_6595b64144ccf1df_6.0.26100.6682_none_3e0e9e60e32ebb61\COMCTL32.dll
0x00007ffa66c00000 - 0x00007ffa66d2d000 	C:\WINDOWS\System32\gdi32full.dll
0x00007ffa66f10000 - 0x00007ffa66fb3000 	C:\WINDOWS\System32\msvcp_win.dll
0x00007ffa68bb0000 - 0x00007ffa68c59000 	C:\WINDOWS\System32\msvcrt.dll
0x00007ffa69650000 - 0x00007ffa6967f000 	C:\WINDOWS\System32\IMM32.DLL
0x00007ffa608c0000 - 0x00007ffa608cc000 	C:\Program Files\Apache NetBeans\jdk\bin\vcruntime140_1.dll
0x00007ffa32df0000 - 0x00007ffa32e7d000 	C:\Program Files\Apache NetBeans\jdk\bin\msvcp140.dll
0x00007ff9aa410000 - 0x00007ff9ab28c000 	C:\Program Files\Apache NetBeans\jdk\bin\server\jvm.dll
0x00007ffa68830000 - 0x00007ffa688e4000 	C:\WINDOWS\System32\ADVAPI32.dll
0x00007ffa697f0000 - 0x00007ffa69896000 	C:\WINDOWS\System32\sechost.dll
0x00007ffa693d0000 - 0x00007ffa694e8000 	C:\WINDOWS\System32\RPCRT4.dll
0x00007ffa68560000 - 0x00007ffa685d4000 	C:\WINDOWS\System32\WS2_32.dll
0x00007ffa668e0000 - 0x00007ffa6693e000 	C:\WINDOWS\SYSTEM32\POWRPROF.dll
0x00007ffa60430000 - 0x00007ffa6043b000 	C:\WINDOWS\SYSTEM32\VERSION.dll
0x00007ffa612a0000 - 0x00007ffa612d5000 	C:\WINDOWS\SYSTEM32\WINMM.dll
0x00007ffa66810000 - 0x00007ffa66824000 	C:\WINDOWS\SYSTEM32\UMPDC.dll
0x00007ffa65830000 - 0x00007ffa6584b000 	C:\WINDOWS\SYSTEM32\kernel.appcore.dll
0x00007ffa608a0000 - 0x00007ffa608aa000 	C:\Program Files\Apache NetBeans\jdk\bin\jimage.dll
0x00007ffa63e50000 - 0x00007ffa64092000 	C:\WINDOWS\SYSTEM32\DBGHELP.DLL
0x00007ffa67ae0000 - 0x00007ffa67e5b000 	C:\WINDOWS\System32\combase.dll
0x00007ffa68ac0000 - 0x00007ffa68b97000 	C:\WINDOWS\System32\OLEAUT32.dll
0x00007ffa4ada0000 - 0x00007ffa4addc000 	C:\WINDOWS\SYSTEM32\dbgcore.DLL
0x00007ffa66ff0000 - 0x00007ffa67088000 	C:\WINDOWS\System32\bcryptPrimitives.dll
0x00007ffa3a390000 - 0x00007ffa3a3ae000 	C:\Program Files\Apache NetBeans\jdk\bin\java.dll
0x00007ffa682f0000 - 0x00007ffa68488000 	C:\WINDOWS\System32\ole32.dll
0x00007ffa68c70000 - 0x00007ffa693c0000 	C:\WINDOWS\System32\SHELL32.dll
0x00007ffa67550000 - 0x00007ffa676bb000 	C:\WINDOWS\System32\wintypes.dll

JVMTI agents: none

dbghelp: loaded successfully - version: 4.0.5 - missing functions: none
symbol engine: initialized successfully - sym options: 0x614 - pdb path: .;C:\Program Files\Apache NetBeans\jdk\bin;C:\WINDOWS\SYSTEM32;C:\WINDOWS\WinSxS\amd64_microsoft.windows.common-controls_6595b64144ccf1df_6.0.26100.6682_none_3e0e9e60e32ebb61;C:\Program Files\Apache NetBeans\jdk\bin\server

VM Arguments:
jvm_args: -Dfile.encoding=UTF-8 --module-path=E:\JAVAPROJECT02\bank management system\build\classes 
java_command: bank.management.system.Deposit
java_class_path (initial): E:\JAVAPROJECT02\bank management system\lib\lib\jcalendar-tz-1.3.3-4.jar;E:\JAVAPROJECT02\bank management system\lib\lib\mysql-connector-java-8.0.28.jar;E:\JAVAPROJECT02\bank management system\build\classes
Launcher Type: SUN_STANDARD

[Global flags]
     intx CICompilerCount                          = 4                                         {product} {ergonomic}
     uint ConcGCThreads                            = 3                                         {product} {ergonomic}
     uint G1ConcRefinementThreads                  = 10                                        {product} {ergonomic}
   size_t G1HeapRegionSize                         = 2097152                                   {product} {ergonomic}
   size_t InitialHeapSize                          = 266338304                                 {product} {ergonomic}
   size_t MarkStackSize                            = 4194304                                   {product} {ergonomic}
   size_t MarkStackSizeMax                         = 536870912                                 {product} {ergonomic}
   size_t MaxHeapSize                              = 4236247040                                {product} {ergonomic}
   size_t MinHeapDeltaBytes                        = 2097152                                   {product} {ergonomic}
   size_t MinHeapSize                              = 8388608                                   {product} {ergonomic}
    uintx NonNMethodCodeHeapSize                   = 5832704                                {pd product} {ergonomic}
    uintx NonProfiledCodeHeapSize                  = 122945536                              {pd product} {ergonomic}
    uintx ProfiledCodeHeapSize                     = 122880000                              {pd product} {ergonomic}
    uintx ReservedCodeCacheSize                    = 251658240                              {pd product} {ergonomic}
     bool SegmentedCodeCache                       = true                                      {product} {ergonomic}
   size_t SoftMaxHeapSize                          = 4236247040                             {manageable} {ergonomic}
     bool UseCompressedOops                        = true                           {product lp64_product} {ergonomic}
     bool UseG1GC                                  = true                                      {product} {ergonomic}
     bool UseLargePagesIndividualAllocation        = false                                  {pd product} {ergonomic}

Logging:
Log output configuration:
 #0: stdout all=warning uptime,level,tags foldmultilines=false
 #1: stderr all=off uptime,level,tags foldmultilines=false

Environment Variables:
PATH=C:\Program Files\Common Files\Oracle\Java\javapath;C:\WINDOWS\system32;C:\WINDOWS;C:\WINDOWS\System32\Wbem;C:\WINDOWS\System32\WindowsPowerShell\v1.0\;C:\WINDOWS\System32\OpenSSH\;C:\Program Files\NVIDIA Corporation\NVIDIA App\NvDLISR;C:\Program Files (x86)\NVIDIA Corporation\PhysX\Common;C:\Program Files\Git\cmd;C:\Program Files\nodejs\;C:\Program Files\MySQL\MySQL Shell 8.0\bin\;C:\Users\karti\AppData\Local\Microsoft\WindowsApps;C:\Users\karti\AppData\Local\Programs\Microsoft VS Code\bin;C:\Users\karti\AppData\Local\GitHubDesktop\bin;C:\Users\karti\AppData\Roaming\npm;
USERNAME=karti
OS=Windows_NT
PROCESSOR_IDENTIFIER=Intel64 Family 6 Model 151 Stepping 2, GenuineIntel
TMP=C:\Users\karti\AppData\Local\Temp
TEMP=C:\Users\karti\AppData\Local\Temp




Periodic native trim disabled

---------------  S Y S T E M  ---------------

OS:
 Windows 11 , 64 bit Build 26100 (10.0.26100.6690)
OS uptime: 0 days 14:19 hours
Hyper-V role detected

CPU: total 12 (initial active 12) (6 cores per cpu, 2 threads per core) family 6 model 151 stepping 2 microcode 0x3a, cx8, cmov, fxsr, ht, mmx, 3dnowpref, sse, sse2, sse3, ssse3, sse4.1, sse4.2, popcnt, lzcnt, tsc, tscinvbit, avx, avx2, aes, erms, clmul, bmi1, bmi2, adx, sha, fma, vzeroupper, clflush, clflushopt, clwb, hv, serialize, rdtscp, rdpid, fsrm, gfni, f16c, cet_ibt, cet_ss
Processor Information for the first 12 processors :
  Max Mhz: 2400, Current Mhz: 2400, Mhz Limit: 2400

Memory: 4k page, system-wide physical 16159M (6038M free)
TotalPageFile size 35011M (AvailPageFile size 200M)
current process WorkingSet (physical memory assigned to process): 13M, peak: 13M
current process commit charge ("private bytes"): 65M, peak: 318M

vm_info: OpenJDK 64-Bit Server VM (24.0.2+12) for windows-amd64 JRE (24.0.2+12) (Zulu24.32+13-CA), built on 2025-07-11T12:45:44Z with MS VC++ 17.1 (VS2022)

END.
